<?xml version="1.0" encoding="UTF-8"?>
<robot generator="Robot 4.1.2 (Python 3.9.5 on win32)" generated="20211120 15:43:13.150" rpa="false" schemaversion="2">
<suite id="s1" name="OfficeMate" source="C:\Users\User\Desktop\OfficeMate\OfficeMate.robot">
<test id="s1-t1" name="Test with send data to Keywords">
<kw name="Hello Name" library="Keywords">
<arg>Chayada</arg>
<kw name="Log To Console" library="BuiltIn">
<arg>\nHello ${data}</arg>
<doc>Logs the given message to the console.</doc>
<status status="PASS" starttime="20211120 15:43:13.446" endtime="20211120 15:43:13.446"/>
</kw>
<kw name="Log To Console" library="BuiltIn">
<arg>Hello ${test}</arg>
<doc>Logs the given message to the console.</doc>
<status status="PASS" starttime="20211120 15:43:13.446" endtime="20211120 15:43:13.447"/>
</kw>
<status status="PASS" starttime="20211120 15:43:13.445" endtime="20211120 15:43:13.448"/>
</kw>
<status status="PASS" starttime="20211120 15:43:13.429" endtime="20211120 15:43:13.448"/>
</test>
<status status="PASS" starttime="20211120 15:43:13.150" endtime="20211120 15:43:13.450"/>
</suite>
<statistics>
<total>
<stat pass="1" fail="0" skip="0">All Tests</stat>
</total>
<tag>
</tag>
<suite>
<stat pass="1" fail="0" skip="0" id="s1" name="OfficeMate">OfficeMate</stat>
</suite>
</statistics>
<errors>
</errors>
</robot>
